/workspace/src/my_pubsub/install/my_pubsub/lib/python3.10/site-packages/my_pubsub/testmotor.py
/workspace/src/my_pubsub/install/my_pubsub/lib/python3.10/site-packages/my_pubsub/undt.py
/workspace/src/my_pubsub/install/my_pubsub/lib/python3.10/site-packages/my_pubsub/undl.py
/workspace/src/my_pubsub/install/my_pubsub/lib/python3.10/site-packages/my_pubsub/mytalker.py
/workspace/src/my_pubsub/install/my_pubsub/lib/python3.10/site-packages/my_pubsub/talkermotor.py
/workspace/src/my_pubsub/install/my_pubsub/lib/python3.10/site-packages/my_pubsub/__init__.py
/workspace/src/my_pubsub/install/my_pubsub/lib/python3.10/site-packages/my_pubsub/read_PWM.py
/workspace/src/my_pubsub/install/my_pubsub/lib/python3.10/site-packages/my_pubsub/listenmotor.py
/workspace/src/my_pubsub/install/my_pubsub/lib/python3.10/site-packages/my_pubsub/mylistener.py
/workspace/src/my_pubsub/install/my_pubsub/lib/python3.10/site-packages/my_pubsub/__pycache__/testmotor.cpython-310.pyc
/workspace/src/my_pubsub/install/my_pubsub/lib/python3.10/site-packages/my_pubsub/__pycache__/undt.cpython-310.pyc
/workspace/src/my_pubsub/install/my_pubsub/lib/python3.10/site-packages/my_pubsub/__pycache__/undl.cpython-310.pyc
/workspace/src/my_pubsub/install/my_pubsub/lib/python3.10/site-packages/my_pubsub/__pycache__/mytalker.cpython-310.pyc
/workspace/src/my_pubsub/install/my_pubsub/lib/python3.10/site-packages/my_pubsub/__pycache__/talkermotor.cpython-310.pyc
/workspace/src/my_pubsub/install/my_pubsub/lib/python3.10/site-packages/my_pubsub/__pycache__/__init__.cpython-310.pyc
/workspace/src/my_pubsub/install/my_pubsub/lib/python3.10/site-packages/my_pubsub/__pycache__/read_PWM.cpython-310.pyc
/workspace/src/my_pubsub/install/my_pubsub/lib/python3.10/site-packages/my_pubsub/__pycache__/listenmotor.cpython-310.pyc
/workspace/src/my_pubsub/install/my_pubsub/lib/python3.10/site-packages/my_pubsub/__pycache__/mylistener.cpython-310.pyc
/workspace/src/my_pubsub/install/my_pubsub/share/ament_index/resource_index/packages/my_pubsub
/workspace/src/my_pubsub/install/my_pubsub/share/my_pubsub/package.xml
/workspace/src/my_pubsub/install/my_pubsub/lib/python3.10/site-packages/my_pubsub-0.0.0-py3.10.egg-info/top_level.txt
/workspace/src/my_pubsub/install/my_pubsub/lib/python3.10/site-packages/my_pubsub-0.0.0-py3.10.egg-info/entry_points.txt
/workspace/src/my_pubsub/install/my_pubsub/lib/python3.10/site-packages/my_pubsub-0.0.0-py3.10.egg-info/requires.txt
/workspace/src/my_pubsub/install/my_pubsub/lib/python3.10/site-packages/my_pubsub-0.0.0-py3.10.egg-info/PKG-INFO
/workspace/src/my_pubsub/install/my_pubsub/lib/python3.10/site-packages/my_pubsub-0.0.0-py3.10.egg-info/SOURCES.txt
/workspace/src/my_pubsub/install/my_pubsub/lib/python3.10/site-packages/my_pubsub-0.0.0-py3.10.egg-info/dependency_links.txt
/workspace/src/my_pubsub/install/my_pubsub/lib/python3.10/site-packages/my_pubsub-0.0.0-py3.10.egg-info/zip-safe
/workspace/src/my_pubsub/install/my_pubsub/lib/my_pubsub/listener
/workspace/src/my_pubsub/install/my_pubsub/lib/my_pubsub/listenmotor
/workspace/src/my_pubsub/install/my_pubsub/lib/my_pubsub/read_PWM
/workspace/src/my_pubsub/install/my_pubsub/lib/my_pubsub/talker
/workspace/src/my_pubsub/install/my_pubsub/lib/my_pubsub/talkermotor
/workspace/src/my_pubsub/install/my_pubsub/lib/my_pubsub/testmotor
/workspace/src/my_pubsub/install/my_pubsub/lib/my_pubsub/undl
/workspace/src/my_pubsub/install/my_pubsub/lib/my_pubsub/undt
