[2.031s] Invoking command in '/workspace/src/my_pubsub': PYTHONPATH=/workspace/src/my_pubsub/build/my_pubsub/prefix_override:/usr/lib/python3/dist-packages/colcon_core/task/python/colcon_distutils_commands:/workspace/src/my_pubsub/install/my_pubsub/lib/python3.10/site-packages:${PYTHONPATH} /usr/bin/python3 -W ignore:setup.py install is deprecated -W ignore:easy_install command is deprecated setup.py egg_info --egg-base build/my_pubsub build --build-base /workspace/src/my_pubsub/build/my_pubsub/build install --record /workspace/src/my_pubsub/build/my_pubsub/install.log --single-version-externally-managed install_data
[2.814s] running egg_info
[2.814s] creating build/my_pubsub/my_pubsub.egg-info
[2.815s] writing build/my_pubsub/my_pubsub.egg-info/PKG-INFO
[2.815s] writing dependency_links to build/my_pubsub/my_pubsub.egg-info/dependency_links.txt
[2.815s] writing entry points to build/my_pubsub/my_pubsub.egg-info/entry_points.txt
[2.816s] writing requirements to build/my_pubsub/my_pubsub.egg-info/requires.txt
[2.816s] writing top-level names to build/my_pubsub/my_pubsub.egg-info/top_level.txt
[2.816s] writing manifest file 'build/my_pubsub/my_pubsub.egg-info/SOURCES.txt'
[2.822s] reading manifest file 'build/my_pubsub/my_pubsub.egg-info/SOURCES.txt'
[2.822s] adding license file 'LICENSE'
[2.824s] writing manifest file 'build/my_pubsub/my_pubsub.egg-info/SOURCES.txt'
[2.825s] running build
[2.825s] running build_py
[2.826s] creating /workspace/src/my_pubsub/build/my_pubsub/build
[2.826s] creating /workspace/src/my_pubsub/build/my_pubsub/build/lib
[2.826s] creating /workspace/src/my_pubsub/build/my_pubsub/build/lib/my_pubsub
[2.827s] copying my_pubsub/mytalker.py -> /workspace/src/my_pubsub/build/my_pubsub/build/lib/my_pubsub
[2.829s] copying my_pubsub/__init__.py -> /workspace/src/my_pubsub/build/my_pubsub/build/lib/my_pubsub
[2.829s] copying my_pubsub/mylistener.py -> /workspace/src/my_pubsub/build/my_pubsub/build/lib/my_pubsub
[2.830s] running install
[2.832s] running install_lib
[2.835s] creating /workspace/src/my_pubsub/install/my_pubsub/lib/python3.10/site-packages/my_pubsub
[2.835s] copying /workspace/src/my_pubsub/build/my_pubsub/build/lib/my_pubsub/mytalker.py -> /workspace/src/my_pubsub/install/my_pubsub/lib/python3.10/site-packages/my_pubsub
[2.835s] copying /workspace/src/my_pubsub/build/my_pubsub/build/lib/my_pubsub/__init__.py -> /workspace/src/my_pubsub/install/my_pubsub/lib/python3.10/site-packages/my_pubsub
[2.836s] copying /workspace/src/my_pubsub/build/my_pubsub/build/lib/my_pubsub/mylistener.py -> /workspace/src/my_pubsub/install/my_pubsub/lib/python3.10/site-packages/my_pubsub
[2.838s] byte-compiling /workspace/src/my_pubsub/install/my_pubsub/lib/python3.10/site-packages/my_pubsub/mytalker.py to mytalker.cpython-310.pyc
[2.840s] byte-compiling /workspace/src/my_pubsub/install/my_pubsub/lib/python3.10/site-packages/my_pubsub/__init__.py to __init__.cpython-310.pyc
[2.840s] byte-compiling /workspace/src/my_pubsub/install/my_pubsub/lib/python3.10/site-packages/my_pubsub/mylistener.py to mylistener.cpython-310.pyc
[2.842s] running install_data
[2.843s] creating /workspace/src/my_pubsub/install/my_pubsub/share/ament_index
[2.843s] creating /workspace/src/my_pubsub/install/my_pubsub/share/ament_index/resource_index
[2.843s] creating /workspace/src/my_pubsub/install/my_pubsub/share/ament_index/resource_index/packages
[2.844s] copying resource/my_pubsub -> /workspace/src/my_pubsub/install/my_pubsub/share/ament_index/resource_index/packages
[2.844s] copying package.xml -> /workspace/src/my_pubsub/install/my_pubsub/share/my_pubsub
[2.844s] running install_egg_info
[2.853s] Copying build/my_pubsub/my_pubsub.egg-info to /workspace/src/my_pubsub/install/my_pubsub/lib/python3.10/site-packages/my_pubsub-0.0.0-py3.10.egg-info
[2.856s] running install_scripts
[2.928s] Installing listener script to /workspace/src/my_pubsub/install/my_pubsub/lib/my_pubsub
[2.928s] Installing talker script to /workspace/src/my_pubsub/install/my_pubsub/lib/my_pubsub
[2.929s] writing list of installed files to '/workspace/src/my_pubsub/build/my_pubsub/install.log'
[3.046s] Invoked command in '/workspace/src/my_pubsub' returned '0': PYTHONPATH=/workspace/src/my_pubsub/build/my_pubsub/prefix_override:/usr/lib/python3/dist-packages/colcon_core/task/python/colcon_distutils_commands:/workspace/src/my_pubsub/install/my_pubsub/lib/python3.10/site-packages:${PYTHONPATH} /usr/bin/python3 -W ignore:setup.py install is deprecated -W ignore:easy_install command is deprecated setup.py egg_info --egg-base build/my_pubsub build --build-base /workspace/src/my_pubsub/build/my_pubsub/build install --record /workspace/src/my_pubsub/build/my_pubsub/install.log --single-version-externally-managed install_data
