[1.026s] DEBUG:colcon:Command line arguments: ['/usr/bin/colcon', 'build']
[1.026s] DEBUG:colcon:Parsed command line arguments: Namespace(log_base=None, log_level=None, verb_name='build', build_base='build', install_base='install', merge_install=False, symlink_install=False, test_result_base=None, continue_on_error=False, executor='parallel', parallel_workers=4, event_handlers=None, ignore_user_meta=False, metas=['./colcon.meta'], base_paths=['.'], packages_ignore=None, packages_ignore_regex=None, paths=None, packages_up_to=None, packages_up_to_regex=None, packages_above=None, packages_above_and_dependencies=None, packages_above_depth=None, packages_select_by_dep=None, packages_skip_by_dep=None, packages_skip_up_to=None, packages_select_build_failed=False, packages_skip_build_finished=False, packages_select_test_failures=False, packages_skip_test_passed=False, packages_select=None, packages_skip=None, packages_select_regex=None, packages_skip_regex=None, packages_start=None, packages_end=None, cmake_args=None, cmake_target=None, cmake_target_skip_unavailable=False, cmake_clean_cache=False, cmake_clean_first=False, cmake_force_configure=False, ament_cmake_args=None, catkin_cmake_args=None, catkin_skip_building_tests=False, mixin_files=None, mixin=None, verb_parser=<colcon_mixin.mixin.mixin_argument.MixinArgumentDecorator object at 0x7fa4e82f20>, verb_extension=<colcon_core.verb.build.BuildVerb object at 0x7fa4e82950>, main=<bound method BuildVerb.main of <colcon_core.verb.build.BuildVerb object at 0x7fa4e82950>>, mixin_verb=('build',))
[1.881s] Level 1:colcon.colcon_core.package_discovery:discover_packages(colcon_meta) check parameters
[1.885s] INFO:colcon.colcon_metadata.package_discovery.colcon_meta:Using configuration from '/root/.colcon/metadata/default/Gazebo.meta'
[1.888s] INFO:colcon.colcon_metadata.package_discovery.colcon_meta:Using configuration from '/root/.colcon/metadata/default/fastrtps.meta'
[1.889s] Level 1:colcon.colcon_core.package_discovery:discover_packages(recursive) check parameters
[1.889s] Level 1:colcon.colcon_core.package_discovery:discover_packages(ignore) check parameters
[1.889s] Level 1:colcon.colcon_core.package_discovery:discover_packages(path) check parameters
[1.889s] Level 1:colcon.colcon_core.package_discovery:discover_packages(colcon_meta) discover
[1.889s] Level 1:colcon.colcon_core.package_discovery:discover_packages(recursive) discover
[1.889s] INFO:colcon.colcon_core.package_discovery:Crawling recursively for packages in '/workspace/src/my_pubsub'
[1.890s] Level 1:colcon.colcon_core.package_identification:_identify(.) by extensions ['ignore', 'ignore_ament_install']
[1.890s] Level 1:colcon.colcon_core.package_identification:_identify(.) by extension 'ignore'
[1.890s] Level 1:colcon.colcon_core.package_identification:_identify(.) by extension 'ignore_ament_install'
[1.891s] Level 1:colcon.colcon_core.package_identification:_identify(.) by extensions ['colcon_pkg']
[1.891s] Level 1:colcon.colcon_core.package_identification:_identify(.) by extension 'colcon_pkg'
[1.891s] Level 1:colcon.colcon_core.package_identification:_identify(.) by extensions ['colcon_meta']
[1.891s] Level 1:colcon.colcon_core.package_identification:_identify(.) by extension 'colcon_meta'
[1.891s] Level 1:colcon.colcon_core.package_identification:_identify(.) by extensions ['ros']
[1.892s] Level 1:colcon.colcon_core.package_identification:_identify(.) by extension 'ros'
[1.976s] DEBUG:colcon.colcon_core.package_identification:Package '.' with type 'ros.ament_python' and name 'my_pubsub'
[1.976s] Level 1:colcon.colcon_core.package_discovery:discover_packages(recursive) using defaults
[1.977s] Level 1:colcon.colcon_core.package_discovery:discover_packages(ignore) discover
[1.977s] Level 1:colcon.colcon_core.package_discovery:discover_packages(ignore) using defaults
[1.977s] Level 1:colcon.colcon_core.package_discovery:discover_packages(path) discover
[1.977s] Level 1:colcon.colcon_core.package_discovery:discover_packages(path) using defaults
[2.101s] Level 5:colcon.colcon_core.verb:set package 'my_pubsub' build argument 'cmake_args' from command line to 'None'
[2.101s] Level 5:colcon.colcon_core.verb:set package 'my_pubsub' build argument 'cmake_target' from command line to 'None'
[2.101s] Level 5:colcon.colcon_core.verb:set package 'my_pubsub' build argument 'cmake_target_skip_unavailable' from command line to 'False'
[2.102s] Level 5:colcon.colcon_core.verb:set package 'my_pubsub' build argument 'cmake_clean_cache' from command line to 'False'
[2.102s] Level 5:colcon.colcon_core.verb:set package 'my_pubsub' build argument 'cmake_clean_first' from command line to 'False'
[2.102s] Level 5:colcon.colcon_core.verb:set package 'my_pubsub' build argument 'cmake_force_configure' from command line to 'False'
[2.102s] Level 5:colcon.colcon_core.verb:set package 'my_pubsub' build argument 'ament_cmake_args' from command line to 'None'
[2.102s] Level 5:colcon.colcon_core.verb:set package 'my_pubsub' build argument 'catkin_cmake_args' from command line to 'None'
[2.102s] Level 5:colcon.colcon_core.verb:set package 'my_pubsub' build argument 'catkin_skip_building_tests' from command line to 'False'
[2.102s] DEBUG:colcon.colcon_core.verb:Building package 'my_pubsub' with the following arguments: {'ament_cmake_args': None, 'build_base': '/workspace/src/my_pubsub/build/my_pubsub', 'catkin_cmake_args': None, 'catkin_skip_building_tests': False, 'cmake_args': None, 'cmake_clean_cache': False, 'cmake_clean_first': False, 'cmake_force_configure': False, 'cmake_target': None, 'cmake_target_skip_unavailable': False, 'install_base': '/workspace/src/my_pubsub/install/my_pubsub', 'merge_install': False, 'path': '/workspace/src/my_pubsub', 'symlink_install': False, 'test_result_base': None}
[2.103s] INFO:colcon.colcon_core.executor:Executing jobs using 'parallel' executor
[2.106s] DEBUG:colcon.colcon_parallel_executor.executor.parallel:run_until_complete
[2.107s] INFO:colcon.colcon_ros.task.ament_python.build:Building ROS package in '/workspace/src/my_pubsub' with build type 'ament_python'
[2.108s] Level 1:colcon.colcon_core.shell:create_environment_hook('my_pubsub', 'ament_prefix_path')
[2.129s] INFO:colcon.colcon_core.plugin_system:Skipping extension 'colcon_core.shell.bat': Not used on non-Windows systems
[2.130s] INFO:colcon.colcon_core.shell:Creating environment hook '/workspace/src/my_pubsub/install/my_pubsub/share/my_pubsub/hook/ament_prefix_path.ps1'
[2.135s] INFO:colcon.colcon_core.shell:Creating environment descriptor '/workspace/src/my_pubsub/install/my_pubsub/share/my_pubsub/hook/ament_prefix_path.dsv'
[2.141s] INFO:colcon.colcon_core.shell:Creating environment hook '/workspace/src/my_pubsub/install/my_pubsub/share/my_pubsub/hook/ament_prefix_path.sh'
[2.149s] INFO:colcon.colcon_core.shell:Skip shell extension 'powershell' for command environment: Not usable outside of PowerShell
[2.149s] DEBUG:colcon.colcon_core.shell:Skip shell extension 'dsv' for command environment
[3.293s] INFO:colcon.colcon_core.task.python.build:Building Python package in '/workspace/src/my_pubsub'
[3.294s] INFO:colcon.colcon_core.shell:Skip shell extension 'powershell' for command environment: Not usable outside of PowerShell
[3.295s] DEBUG:colcon.colcon_core.shell:Skip shell extension 'dsv' for command environment
[4.883s] DEBUG:colcon.colcon_core.event_handler.log_command:Invoking command in '/workspace/src/my_pubsub': PYTHONPATH=/workspace/src/my_pubsub/build/my_pubsub/prefix_override:/usr/lib/python3/dist-packages/colcon_core/task/python/colcon_distutils_commands:/workspace/src/my_pubsub/install/my_pubsub/lib/python3.10/site-packages:${PYTHONPATH} /usr/bin/python3 -W ignore:setup.py install is deprecated -W ignore:easy_install command is deprecated setup.py egg_info --egg-base build/my_pubsub build --build-base /workspace/src/my_pubsub/build/my_pubsub/build install --record /workspace/src/my_pubsub/build/my_pubsub/install.log --single-version-externally-managed install_data
[6.326s] DEBUG:colcon.colcon_core.event_handler.log_command:Invoked command in '/workspace/src/my_pubsub' returned '0': PYTHONPATH=/workspace/src/my_pubsub/build/my_pubsub/prefix_override:/usr/lib/python3/dist-packages/colcon_core/task/python/colcon_distutils_commands:/workspace/src/my_pubsub/install/my_pubsub/lib/python3.10/site-packages:${PYTHONPATH} /usr/bin/python3 -W ignore:setup.py install is deprecated -W ignore:easy_install command is deprecated setup.py egg_info --egg-base build/my_pubsub build --build-base /workspace/src/my_pubsub/build/my_pubsub/build install --record /workspace/src/my_pubsub/build/my_pubsub/install.log --single-version-externally-managed install_data
[6.347s] Level 1:colcon.colcon_core.environment:checking '/workspace/src/my_pubsub/install/my_pubsub' for CMake module files
[6.350s] Level 1:colcon.colcon_core.environment:checking '/workspace/src/my_pubsub/install/my_pubsub' for CMake config files
[6.355s] Level 1:colcon.colcon_core.environment:checking '/workspace/src/my_pubsub/install/my_pubsub/lib'
[6.355s] Level 1:colcon.colcon_core.environment:checking '/workspace/src/my_pubsub/install/my_pubsub/bin'
[6.356s] Level 1:colcon.colcon_core.environment:checking '/workspace/src/my_pubsub/install/my_pubsub/lib/pkgconfig/my_pubsub.pc'
[6.357s] Level 1:colcon.colcon_core.environment:checking '/workspace/src/my_pubsub/install/my_pubsub/lib/python3.10/site-packages'
[6.357s] Level 1:colcon.colcon_core.shell:create_environment_hook('my_pubsub', 'pythonpath')
[6.358s] INFO:colcon.colcon_core.shell:Creating environment hook '/workspace/src/my_pubsub/install/my_pubsub/share/my_pubsub/hook/pythonpath.ps1'
[6.360s] INFO:colcon.colcon_core.shell:Creating environment descriptor '/workspace/src/my_pubsub/install/my_pubsub/share/my_pubsub/hook/pythonpath.dsv'
[6.362s] INFO:colcon.colcon_core.shell:Creating environment hook '/workspace/src/my_pubsub/install/my_pubsub/share/my_pubsub/hook/pythonpath.sh'
[6.365s] Level 1:colcon.colcon_core.environment:checking '/workspace/src/my_pubsub/install/my_pubsub/bin'
[6.365s] Level 1:colcon.colcon_core.environment:create_environment_scripts_only(my_pubsub)
[6.367s] INFO:colcon.colcon_core.shell:Creating package script '/workspace/src/my_pubsub/install/my_pubsub/share/my_pubsub/package.ps1'
[6.371s] INFO:colcon.colcon_core.shell:Creating package descriptor '/workspace/src/my_pubsub/install/my_pubsub/share/my_pubsub/package.dsv'
[6.374s] INFO:colcon.colcon_core.shell:Creating package script '/workspace/src/my_pubsub/install/my_pubsub/share/my_pubsub/package.sh'
[6.378s] INFO:colcon.colcon_core.shell:Creating package script '/workspace/src/my_pubsub/install/my_pubsub/share/my_pubsub/package.bash'
[6.385s] INFO:colcon.colcon_core.shell:Creating package script '/workspace/src/my_pubsub/install/my_pubsub/share/my_pubsub/package.zsh'
[6.390s] Level 1:colcon.colcon_core.environment:create_file_with_runtime_dependencies(/workspace/src/my_pubsub/install/my_pubsub/share/colcon-core/packages/my_pubsub)
[6.391s] DEBUG:colcon.colcon_parallel_executor.executor.parallel:closing loop
[6.392s] DEBUG:colcon.colcon_parallel_executor.executor.parallel:loop closed
[6.393s] DEBUG:colcon.colcon_parallel_executor.executor.parallel:run_until_complete finished with '0'
[6.393s] DEBUG:colcon.colcon_core.event_reactor:joining thread
[6.488s] INFO:colcon.colcon_core.plugin_system:Skipping extension 'colcon_notification.desktop_notification.notify_send': Could not find 'notify-send'
[6.488s] INFO:colcon.colcon_core.plugin_system:Skipping extension 'colcon_notification.desktop_notification.terminal_notifier': Not used on non-Darwin systems
[6.489s] INFO:colcon.colcon_core.plugin_system:Skipping extension 'colcon_notification.desktop_notification.win32': Not used on non-Windows systems
[6.489s] INFO:colcon.colcon_notification.desktop_notification:Sending desktop notification using 'notify2'
[6.489s] DEBUG:colcon.colcon_notification.desktop_notification.notify2:Failed to initialize notify2: org.freedesktop.DBus.Error.NotSupported: Unable to autolaunch a dbus-daemon without a $DISPLAY for X11
[6.489s] DEBUG:colcon.colcon_core.event_reactor:joined thread
[6.490s] INFO:colcon.colcon_core.shell:Creating prefix script '/workspace/src/my_pubsub/install/local_setup.ps1'
[6.500s] INFO:colcon.colcon_core.shell:Creating prefix util module '/workspace/src/my_pubsub/install/_local_setup_util_ps1.py'
[6.509s] INFO:colcon.colcon_core.shell:Creating prefix chain script '/workspace/src/my_pubsub/install/setup.ps1'
[6.516s] INFO:colcon.colcon_core.shell:Creating prefix script '/workspace/src/my_pubsub/install/local_setup.sh'
[6.519s] INFO:colcon.colcon_core.shell:Creating prefix util module '/workspace/src/my_pubsub/install/_local_setup_util_sh.py'
[6.522s] INFO:colcon.colcon_core.shell:Creating prefix chain script '/workspace/src/my_pubsub/install/setup.sh'
[6.528s] INFO:colcon.colcon_core.shell:Creating prefix script '/workspace/src/my_pubsub/install/local_setup.bash'
[6.532s] INFO:colcon.colcon_core.shell:Creating prefix chain script '/workspace/src/my_pubsub/install/setup.bash'
[6.538s] INFO:colcon.colcon_core.shell:Creating prefix script '/workspace/src/my_pubsub/install/local_setup.zsh'
[6.541s] INFO:colcon.colcon_core.shell:Creating prefix chain script '/workspace/src/my_pubsub/install/setup.zsh'
